<?xml version="1.0" encoding="UTF-8"?>
<!-- Generated by org.testng.reporters.JUnitReportReporter -->
<testsuite hostname="DESKTOP-5KB58OA" failures="0" tests="2" name="test.day1" time="0.028" errors="0" timestamp="2024-03-18T22:56:28 IST" skipped="0">
  <testcase classname="test.day1" name="SecondTest" time="0.013"/>
  <system-out/>
  <testcase classname="test.day1" name="Demo" time="0.015"/>
  <system-out/>
</testsuite> <!-- test.day1 -->
