<?xml version="1.0" encoding="UTF-8"?>
<!-- Generated by org.testng.reporters.JUnitReportReporter -->
<testsuite hostname="DESKTOP-5KB58OA" failures="0" tests="6" name="test.day3" time="11.775" errors="0" timestamp="2024-03-18T22:56:28 IST" skipped="0">
  <testcase classname="test.day3" name="MobileSignincarLoan" time="0.009"/>
  <system-out/>
  <testcase classname="test.day3" name="MobileSignoutcarLoan" time="3.912"/>
  <system-out/>
  <testcase classname="test.day3" name="APIcarLoan" time="0.005"/>
  <system-out/>
  <testcase classname="test.day3" name="MobileSignoutcarLoan" time="3.913"/>
  <system-out/>
  <testcase classname="test.day3" name="Weblogin" time="0.008"/>
  <system-out/>
  <testcase classname="test.day3" name="MobileSignoutcarLoan" time="3.928"/>
  <system-out/>
</testsuite> <!-- test.day3 -->
