<?xml version="1.0" encoding="UTF-8"?>
<!-- Generated by org.testng.reporters.JUnitReportReporter -->
<testsuite hostname="DESKTOP-5KB58OA" failures="0" tests="1" name="test.day4" time="0.012" errors="0" timestamp="2024-03-18T22:56:28 IST" skipped="0">
  <testcase classname="test.day4" name="LoginAPIHomeLoan" time="0.012"/>
  <system-out/>
</testsuite> <!-- test.day4 -->
